# JRE version: Java(TM) SE Runtime Environment (15.0+36) (build 15+36-1562)
# Java VM: Java HotSpot(TM) 64-Bit Server VM (15+36-1562, mixed mode, sharing, tiered, compressed oops, g1 gc, windows-amd64)
GC Precious Log:
 CPUs: 4 total, 4 available
 Memory: 14238M
 Large Page Support: Disabled
 NUMA Support: Disabled
 Compressed Oops: Enabled (Zero based)
 Heap Region Size: 2M
 Heap Min Capacity: 8M
 Heap Initial Capacity: 224M
 Heap Max Capacity: 3560M
 Pre-touch: Disabled
 Parallel Workers: 4
 Concurrent Workers: 1
 Concurrent Refinement Workers: 4
 Periodic GC: Disabled
Heap:
 garbage-first heap   total 665600K, used 49296K [0x0000000721800000, 0x0000000800000000)
  region size 2048K, 2 young (4096K), 2 survivors (4096K)
 Metaspace       used 43236K, capacity 44026K, committed 44208K, reserved 1087488K
  class space    used 5803K, capacity 6047K, committed 6144K, reserved 1048576K
GC Heap History (20 events):
Event: 22.787 GC heap after
{Heap after GC invocations=40 (full 0):
 garbage-first heap   total 108544K, used 47232K [0x0000000721800000, 0x0000000800000000)
  region size 2048K, 1 young (2048K), 1 survivors (2048K)
 Metaspace       used 43236K, capacity 44026K, committed 44208K, reserved 1087488K
  class space    used 5803K, capacity 6047K, committed 6144K, reserved 1048576K
}
Event: 22.798 GC heap before
{Heap before GC invocations=40 (full 0):
 garbage-first heap   total 110592K, used 88192K [0x0000000721800000, 0x0000000800000000)
  region size 2048K, 22 young (45056K), 1 survivors (2048K)
 Metaspace       used 43236K, capacity 44026K, committed 44208K, reserved 1087488K
  class space    used 5803K, capacity 6047K, committed 6144K, reserved 1048576K
}
Event: 22.800 GC heap after
{Heap after GC invocations=41 (full 0):
 garbage-first heap   total 110592K, used 47350K [0x0000000721800000, 0x0000000800000000)
  region size 2048K, 1 young (2048K), 1 survivors (2048K)
 Metaspace       used 43236K, capacity 44026K, committed 44208K, reserved 1087488K
  class space    used 5803K, capacity 6047K, committed 6144K, reserved 1048576K
}
Event: 22.808 GC heap before
{Heap before GC invocations=41 (full 0):
 garbage-first heap   total 110592K, used 90358K [0x0000000721800000, 0x0000000800000000)
  region size 2048K, 23 young (47104K), 1 survivors (2048K)
 Metaspace       used 43236K, capacity 44026K, committed 44208K, reserved 1087488K
  class space    used 5803K, capacity 6047K, committed 6144K, reserved 1048576K
}
Event: 22.809 GC heap after
{Heap after GC invocations=42 (full 0):
 garbage-first heap   total 184320K, used 47432K [0x0000000721800000, 0x0000000800000000)
  region size 2048K, 1 young (2048K), 1 survivors (2048K)
 Metaspace       used 43236K, capacity 44026K, committed 44208K, reserved 1087488K
  class space    used 5803K, capacity 6047K, committed 6144K, reserved 1048576K
}
Event: 22.846 GC heap before
{Heap before GC invocations=43 (full 0):
 garbage-first heap   total 184320K, used 149832K [0x0000000721800000, 0x0000000800000000)
  region size 2048K, 52 young (106496K), 1 survivors (2048K)
 Metaspace       used 43236K, capacity 44026K, committed 44208K, reserved 1087488K
  class space    used 5803K, capacity 6047K, committed 6144K, reserved 1048576K
}
Event: 22.848 GC heap after
{Heap after GC invocations=44 (full 0):
 garbage-first heap   total 184320K, used 47713K [0x0000000721800000, 0x0000000800000000)
  region size 2048K, 2 young (4096K), 2 survivors (4096K)
 Metaspace       used 43236K, capacity 44026K, committed 44208K, reserved 1087488K
  class space    used 5803K, capacity 6047K, committed 6144K, reserved 1048576K
}
Event: 22.865 GC heap before
{Heap before GC invocations=44 (full 0):
 garbage-first heap   total 184320K, used 152161K [0x0000000721800000, 0x0000000800000000)
  region size 2048K, 54 young (110592K), 2 survivors (4096K)
 Metaspace       used 43236K, capacity 44026K, committed 44208K, reserved 1087488K
  class space    used 5803K, capacity 6047K, committed 6144K, reserved 1048576K
}
Event: 22.866 GC heap after
{Heap after GC invocations=45 (full 0):
 garbage-first heap   total 184320K, used 47956K [0x0000000721800000, 0x0000000800000000)
  region size 2048K, 2 young (4096K), 2 survivors (4096K)
 Metaspace       used 43236K, capacity 44026K, committed 44208K, reserved 1087488K
  class space    used 5803K, capacity 6047K, committed 6144K, reserved 1048576K
}
Event: 22.883 GC heap before
{Heap before GC invocations=45 (full 0):
 garbage-first heap   total 184320K, used 152404K [0x0000000721800000, 0x0000000800000000)
  region size 2048K, 54 young (110592K), 2 survivors (4096K)
 Metaspace       used 43236K, capacity 44026K, committed 44208K, reserved 1087488K
  class space    used 5803K, capacity 6047K, committed 6144K, reserved 1048576K
}
Event: 22.885 GC heap after
{Heap after GC invocations=46 (full 0):
 garbage-first heap   total 184320K, used 48110K [0x0000000721800000, 0x0000000800000000)
  region size 2048K, 2 young (4096K), 2 survivors (4096K)
 Metaspace       used 43236K, capacity 44026K, committed 44208K, reserved 1087488K
  class space    used 5803K, capacity 6047K, committed 6144K, reserved 1048576K
}
Event: 22.901 GC heap before
{Heap before GC invocations=46 (full 0):
 garbage-first heap   total 184320K, used 152558K [0x0000000721800000, 0x0000000800000000)
  region size 2048K, 54 young (110592K), 2 survivors (4096K)
 Metaspace       used 43236K, capacity 44026K, committed 44208K, reserved 1087488K
  class space    used 5803K, capacity 6047K, committed 6144K, reserved 1048576K
}
Event: 22.903 GC heap after
{Heap after GC invocations=47 (full 0):
 garbage-first heap   total 368640K, used 48159K [0x0000000721800000, 0x0000000800000000)
  region size 2048K, 2 young (4096K), 2 survivors (4096K)
 Metaspace       used 43236K, capacity 44026K, committed 44208K, reserved 1087488K
  class space    used 5803K, capacity 6047K, committed 6144K, reserved 1048576K
}
Event: 22.997 GC heap before
{Heap before GC invocations=47 (full 0):
 garbage-first heap   total 368640K, used 263199K [0x0000000721800000, 0x0000000800000000)
  region size 2048K, 108 young (221184K), 2 survivors (4096K)
 Metaspace       used 43236K, capacity 44026K, committed 44208K, reserved 1087488K
  class space    used 5803K, capacity 6047K, committed 6144K, reserved 1048576K
}
Event: 22.999 GC heap after
{Heap after GC invocations=48 (full 0):
 garbage-first heap   total 368640K, used 48635K [0x0000000721800000, 0x0000000800000000)
  region size 2048K, 2 young (4096K), 2 survivors (4096K)
 Metaspace       used 43236K, capacity 44026K, committed 44208K, reserved 1087488K
  class space    used 5803K, capacity 6047K, committed 6144K, reserved 1048576K
}
Event: 23.031 GC heap before
{Heap before GC invocations=48 (full 0):
 garbage-first heap   total 368640K, used 263675K [0x0000000721800000, 0x0000000800000000)
  region size 2048K, 108 young (221184K), 2 survivors (4096K)
 Metaspace       used 43236K, capacity 44026K, committed 44208K, reserved 1087488K
  class space    used 5803K, capacity 6047K, committed 6144K, reserved 1048576K
}
Event: 23.033 GC heap after
{Heap after GC invocations=49 (full 0):
 garbage-first heap   total 368640K, used 48782K [0x0000000721800000, 0x0000000800000000)
  region size 2048K, 2 young (4096K), 2 survivors (4096K)
 Metaspace       used 43236K, capacity 44026K, committed 44208K, reserved 1087488K
  class space    used 5803K, capacity 6047K, committed 6144K, reserved 1048576K
}
Event: 23.066 GC heap before
{Heap before GC invocations=49 (full 0):
 garbage-first heap   total 368640K, used 263822K [0x0000000721800000, 0x0000000800000000)
  region size 2048K, 108 young (221184K), 2 survivors (4096K)
 Metaspace       used 43236K, capacity 44026K, committed 44208K, reserved 1087488K
  class space    used 5803K, capacity 6047K, committed 6144K, reserved 1048576K
}
Event: 23.068 GC heap after
{Heap after GC invocations=50 (full 0):
 garbage-first heap   total 368640K, used 49108K [0x0000000721800000, 0x0000000800000000)
  region size 2048K, 2 young (4096K), 2 survivors (4096K)
 Metaspace       used 43236K, capacity 44026K, committed 44208K, reserved 1087488K
  class space    used 5803K, capacity 6047K, committed 6144K, reserved 1048576K
}
Event: 23.100 GC heap before
{Heap before GC invocations=50 (full 0):
 garbage-first heap   total 368640K, used 264148K [0x0000000721800000, 0x0000000800000000)
  region size 2048K, 108 young (221184K), 2 survivors (4096K)
 Metaspace       used 43236K, capacity 44026K, committed 44208K, reserved 1087488K
  class space    used 5803K, capacity 6047K, committed 6144K, reserved 1048576K
}

