# JRE version: Java(TM) SE Runtime Environment (15.0+36) (build 15+36-1562)
# Java VM: Java HotSpot(TM) 64-Bit Server VM (15+36-1562, mixed mode, sharing, tiered, compressed oops, g1 gc, windows-amd64)
GC Precious Log:
 CPUs: 4 total, 4 available
 Memory: 14238M
 Large Page Support: Disabled
 NUMA Support: Disabled
 Compressed Oops: Enabled (Zero based)
 Heap Region Size: 2M
 Heap Min Capacity: 8M
 Heap Initial Capacity: 224M
 Heap Max Capacity: 3560M
 Pre-touch: Disabled
 Parallel Workers: 4
 Concurrent Workers: 1
 Concurrent Refinement Workers: 4
 Periodic GC: Disabled
Heap:
 garbage-first heap   total 229376K, used 27356K [0x0000000721800000, 0x0000000800000000)
  region size 2048K, 11 young (22528K), 3 survivors (6144K)
 Metaspace       used 17499K, capacity 17822K, committed 17920K, reserved 1073152K
  class space    used 2396K, capacity 2517K, committed 2560K, reserved 1048576K
GC Heap History (8 events):
Event: 0.458 GC heap before
{Heap before GC invocations=0 (full 0):
 garbage-first heap   total 229376K, used 10240K [0x0000000721800000, 0x0000000800000000)
  region size 2048K, 6 young (12288K), 0 survivors (0K)
 Metaspace       used 479K, capacity 4483K, committed 4864K, reserved 1056768K
  class space    used 45K, capacity 385K, committed 512K, reserved 1048576K
}
Event: 0.460 GC heap after
{Heap after GC invocations=1 (full 0):
 garbage-first heap   total 229376K, used 4913K [0x0000000721800000, 0x0000000800000000)
  region size 2048K, 1 young (2048K), 1 survivors (2048K)
 Metaspace       used 479K, capacity 4483K, committed 4864K, reserved 1056768K
  class space    used 45K, capacity 385K, committed 512K, reserved 1048576K
}
Event: 0.880 GC heap before
{Heap before GC invocations=1 (full 0):
 garbage-first heap   total 229376K, used 13105K [0x0000000721800000, 0x0000000800000000)
  region size 2048K, 6 young (12288K), 1 survivors (2048K)
 Metaspace       used 5400K, capacity 5577K, committed 5888K, reserved 1056768K
  class space    used 637K, capacity 702K, committed 768K, reserved 1048576K
}
Event: 0.883 GC heap after
{Heap after GC invocations=2 (full 0):
 garbage-first heap   total 229376K, used 8960K [0x0000000721800000, 0x0000000800000000)
  region size 2048K, 1 young (2048K), 1 survivors (2048K)
 Metaspace       used 5400K, capacity 5577K, committed 5888K, reserved 1056768K
  class space    used 637K, capacity 702K, committed 768K, reserved 1048576K
}
Event: 1.007 GC heap before
{Heap before GC invocations=2 (full 0):
 garbage-first heap   total 229376K, used 23296K [0x0000000721800000, 0x0000000800000000)
  region size 2048K, 9 young (18432K), 1 survivors (2048K)
 Metaspace       used 7185K, capacity 7402K, committed 7680K, reserved 1056768K
  class space    used 849K, capacity 905K, committed 1024K, reserved 1048576K
}
Event: 1.010 GC heap after
{Heap after GC invocations=3 (full 0):
 garbage-first heap   total 229376K, used 11297K [0x0000000721800000, 0x0000000800000000)
  region size 2048K, 2 young (4096K), 2 survivors (4096K)
 Metaspace       used 7185K, capacity 7402K, committed 7680K, reserved 1056768K
  class space    used 849K, capacity 905K, committed 1024K, reserved 1048576K
}
Event: 3.412 GC heap before
{Heap before GC invocations=3 (full 0):
 garbage-first heap   total 229376K, used 58401K [0x0000000721800000, 0x0000000800000000)
  region size 2048K, 25 young (51200K), 2 survivors (4096K)
 Metaspace       used 14884K, capacity 15236K, committed 15488K, reserved 1062912K
  class space    used 1969K, capacity 2086K, committed 2176K, reserved 1048576K
}
Event: 3.417 GC heap after
{Heap after GC invocations=4 (full 0):
 garbage-first heap   total 229376K, used 13020K [0x0000000721800000, 0x0000000800000000)
  region size 2048K, 3 young (6144K), 3 survivors (6144K)
 Metaspace       used 14884K, capacity 15236K, committed 15488K, reserved 1062912K
  class space    used 1969K, capacity 2086K, committed 2176K, reserved 1048576K
}

