# JRE version: Java(TM) SE Runtime Environment (15.0+36) (build 15+36-1562)
# Java VM: Java HotSpot(TM) 64-Bit Server VM (15+36-1562, mixed mode, sharing, tiered, compressed oops, g1 gc, windows-amd64)
GC Precious Log:
 CPUs: 4 total, 4 available
 Memory: 14238M
 Large Page Support: Disabled
 NUMA Support: Disabled
 Compressed Oops: Enabled (Zero based)
 Heap Region Size: 2M
 Heap Min Capacity: 8M
 Heap Initial Capacity: 224M
 Heap Max Capacity: 3560M
 Pre-touch: Disabled
 Parallel Workers: 4
 Concurrent Workers: 1
 Concurrent Refinement Workers: 4
 Periodic GC: Disabled
Heap:
 garbage-first heap   total 520192K, used 51740K [0x0000000721800000, 0x0000000800000000)
  region size 2048K, 2 young (4096K), 2 survivors (4096K)
 Metaspace       used 45034K, capacity 45938K, committed 46256K, reserved 1089536K
  class space    used 6018K, capacity 6331K, committed 6400K, reserved 1048576K
GC Heap History (20 events):
Event: 4068.729 GC heap after
{Heap after GC invocations=54 (full 2):
 garbage-first heap   total 96256K, used 49941K [0x0000000721800000, 0x0000000800000000)
  region size 2048K, 1 young (2048K), 1 survivors (2048K)
 Metaspace       used 45034K, capacity 45938K, committed 46256K, reserved 1089536K
  class space    used 6018K, capacity 6331K, committed 6400K, reserved 1048576K
}
Event: 4068.735 GC heap before
{Heap before GC invocations=54 (full 2):
 garbage-first heap   total 96256K, used 76565K [0x0000000721800000, 0x0000000800000000)
  region size 2048K, 15 young (30720K), 1 survivors (2048K)
 Metaspace       used 45034K, capacity 45938K, committed 46256K, reserved 1089536K
  class space    used 6018K, capacity 6331K, committed 6400K, reserved 1048576K
}
Event: 4068.736 GC heap after
{Heap after GC invocations=55 (full 2):
 garbage-first heap   total 96256K, used 49905K [0x0000000721800000, 0x0000000800000000)
  region size 2048K, 1 young (2048K), 1 survivors (2048K)
 Metaspace       used 45034K, capacity 45938K, committed 46256K, reserved 1089536K
  class space    used 6018K, capacity 6331K, committed 6400K, reserved 1048576K
}
Event: 4068.744 GC heap before
{Heap before GC invocations=55 (full 2):
 garbage-first heap   total 96256K, used 76529K [0x0000000721800000, 0x0000000800000000)
  region size 2048K, 15 young (30720K), 1 survivors (2048K)
 Metaspace       used 45034K, capacity 45938K, committed 46256K, reserved 1089536K
  class space    used 6018K, capacity 6331K, committed 6400K, reserved 1048576K
}
Event: 4068.745 GC heap after
{Heap after GC invocations=56 (full 2):
 garbage-first heap   total 116736K, used 50012K [0x0000000721800000, 0x0000000800000000)
  region size 2048K, 1 young (2048K), 1 survivors (2048K)
 Metaspace       used 45034K, capacity 45938K, committed 46256K, reserved 1089536K
  class space    used 6018K, capacity 6331K, committed 6400K, reserved 1048576K
}
Event: 4068.769 GC heap before
{Heap before GC invocations=56 (full 2):
 garbage-first heap   total 133120K, used 93020K [0x0000000721800000, 0x0000000800000000)
  region size 2048K, 23 young (47104K), 1 survivors (2048K)
 Metaspace       used 45034K, capacity 45938K, committed 46256K, reserved 1089536K
  class space    used 6018K, capacity 6331K, committed 6400K, reserved 1048576K
}
Event: 4068.771 GC heap after
{Heap after GC invocations=57 (full 2):
 garbage-first heap   total 133120K, used 50264K [0x0000000721800000, 0x0000000800000000)
  region size 2048K, 1 young (2048K), 1 survivors (2048K)
 Metaspace       used 45034K, capacity 45938K, committed 46256K, reserved 1089536K
  class space    used 6018K, capacity 6331K, committed 6400K, reserved 1048576K
}
Event: 4068.782 GC heap before
{Heap before GC invocations=57 (full 2):
 garbage-first heap   total 133120K, used 105560K [0x0000000721800000, 0x0000000800000000)
  region size 2048K, 29 young (59392K), 1 survivors (2048K)
 Metaspace       used 45034K, capacity 45938K, committed 46256K, reserved 1089536K
  class space    used 6018K, capacity 6331K, committed 6400K, reserved 1048576K
}
Event: 4068.783 GC heap after
{Heap after GC invocations=58 (full 2):
 garbage-first heap   total 133120K, used 50372K [0x0000000721800000, 0x0000000800000000)
  region size 2048K, 1 young (2048K), 1 survivors (2048K)
 Metaspace       used 45034K, capacity 45938K, committed 46256K, reserved 1089536K
  class space    used 6018K, capacity 6331K, committed 6400K, reserved 1048576K
}
Event: 4068.794 GC heap before
{Heap before GC invocations=58 (full 2):
 garbage-first heap   total 133120K, used 105668K [0x0000000721800000, 0x0000000800000000)
  region size 2048K, 29 young (59392K), 1 survivors (2048K)
 Metaspace       used 45034K, capacity 45938K, committed 46256K, reserved 1089536K
  class space    used 6018K, capacity 6331K, committed 6400K, reserved 1048576K
}
Event: 4068.795 GC heap after
{Heap after GC invocations=59 (full 2):
 garbage-first heap   total 133120K, used 50605K [0x0000000721800000, 0x0000000800000000)
  region size 2048K, 2 young (4096K), 2 survivors (4096K)
 Metaspace       used 45034K, capacity 45938K, committed 46256K, reserved 1089536K
  class space    used 6018K, capacity 6331K, committed 6400K, reserved 1048576K
}
Event: 4068.806 GC heap before
{Heap before GC invocations=59 (full 2):
 garbage-first heap   total 133120K, used 105901K [0x0000000721800000, 0x0000000800000000)
  region size 2048K, 30 young (61440K), 2 survivors (4096K)
 Metaspace       used 45034K, capacity 45938K, committed 46256K, reserved 1089536K
  class space    used 6018K, capacity 6331K, committed 6400K, reserved 1048576K
}
Event: 4068.808 GC heap after
{Heap after GC invocations=60 (full 2):
 garbage-first heap   total 260096K, used 50611K [0x0000000721800000, 0x0000000800000000)
  region size 2048K, 2 young (4096K), 2 survivors (4096K)
 Metaspace       used 45034K, capacity 45938K, committed 46256K, reserved 1089536K
  class space    used 6018K, capacity 6331K, committed 6400K, reserved 1048576K
}
Event: 4068.886 GC heap before
{Heap before GC invocations=61 (full 2):
 garbage-first heap   total 260096K, used 200115K [0x0000000721800000, 0x0000000800000000)
  region size 2048K, 76 young (155648K), 2 survivors (4096K)
 Metaspace       used 45034K, capacity 45938K, committed 46256K, reserved 1089536K
  class space    used 6018K, capacity 6331K, committed 6400K, reserved 1048576K
}
Event: 4068.888 GC heap after
{Heap after GC invocations=62 (full 2):
 garbage-first heap   total 260096K, used 50911K [0x0000000721800000, 0x0000000800000000)
  region size 2048K, 2 young (4096K), 2 survivors (4096K)
 Metaspace       used 45034K, capacity 45938K, committed 46256K, reserved 1089536K
  class space    used 6018K, capacity 6331K, committed 6400K, reserved 1048576K
}
Event: 4068.923 GC heap before
{Heap before GC invocations=62 (full 2):
 garbage-first heap   total 260096K, used 200415K [0x0000000721800000, 0x0000000800000000)
  region size 2048K, 76 young (155648K), 2 survivors (4096K)
 Metaspace       used 45034K, capacity 45938K, committed 46256K, reserved 1089536K
  class space    used 6018K, capacity 6331K, committed 6400K, reserved 1048576K
}
Event: 4068.926 GC heap after
{Heap after GC invocations=63 (full 2):
 garbage-first heap   total 260096K, used 51284K [0x0000000721800000, 0x0000000800000000)
  region size 2048K, 2 young (4096K), 2 survivors (4096K)
 Metaspace       used 45034K, capacity 45938K, committed 46256K, reserved 1089536K
  class space    used 6018K, capacity 6331K, committed 6400K, reserved 1048576K
}
Event: 4068.954 GC heap before
{Heap before GC invocations=63 (full 2):
 garbage-first heap   total 260096K, used 200788K [0x0000000721800000, 0x0000000800000000)
  region size 2048K, 76 young (155648K), 2 survivors (4096K)
 Metaspace       used 45034K, capacity 45938K, committed 46256K, reserved 1089536K
  class space    used 6018K, capacity 6331K, committed 6400K, reserved 1048576K
}
Event: 4068.956 GC heap after
{Heap after GC invocations=64 (full 2):
 garbage-first heap   total 260096K, used 51383K [0x0000000721800000, 0x0000000800000000)
  region size 2048K, 2 young (4096K), 2 survivors (4096K)
 Metaspace       used 45034K, capacity 45938K, committed 46256K, reserved 1089536K
  class space    used 6018K, capacity 6331K, committed 6400K, reserved 1048576K
}
Event: 4068.986 GC heap before
{Heap before GC invocations=64 (full 2):
 garbage-first heap   total 260096K, used 200887K [0x0000000721800000, 0x0000000800000000)
  region size 2048K, 76 young (155648K), 2 survivors (4096K)
 Metaspace       used 45034K, capacity 45938K, committed 46256K, reserved 1089536K
  class space    used 6018K, capacity 6331K, committed 6400K, reserved 1048576K
}

